2024-07-23 14:32:55,017 - INFO - Bluetooth_SUL.py:68 - Advertiser Address: 00:A0:50:00:00:1D
2024-07-23 14:32:55,018 - INFO - Bluetooth_SUL.py:179 - TX ---> BTLE / BTLE_ADV / BTLE_SCAN_REQ
2024-07-23 14:32:55,091 - INFO - Bluetooth_SUL.py:179 - TX ---> BTLE / BTLE_DATA / BTLE_CTRL / LL_ENC_REQ
2024-07-23 14:32:55,250 - INFO - Bluetooth_SUL.py:179 - TX ---> BTLE / BTLE_ADV / BTLE_SCAN_REQ
2024-07-23 14:32:55,637 - INFO - Bluetooth_SUL.py:179 - TX ---> BTLE / BTLE_ADV / BTLE_SCAN_REQ
2024-07-23 14:32:55,701 - INFO - Bluetooth_SUL.py:179 - TX ---> BTLE / BTLE_ADV / BTLE_SCAN_REQ
2024-07-23 14:32:55,827 - INFO - Bluetooth_SUL.py:179 - TX ---> BTLE / BTLE_ADV / BTLE_SCAN_REQ
2024-07-23 14:32:55,983 - INFO - Bluetooth_SUL.py:179 - TX ---> BTLE / BTLE_ADV / BTLE_SCAN_REQ
2024-07-23 14:32:56,123 - INFO - Bluetooth_SUL.py:179 - TX ---> BTLE / BTLE_ADV / BTLE_SCAN_REQ
2024-07-23 14:32:58,066 - INFO - Bluetooth_SUL.py:179 - TX ---> BTLE / BTLE_ADV / BTLE_SCAN_REQ
2024-07-23 14:32:58,278 - INFO - Bluetooth_SUL.py:179 - TX ---> BTLE / BTLE_ADV / BTLE_SCAN_REQ
2024-07-23 14:32:58,380 - INFO - Bluetooth_SUL.py:179 - TX ---> BTLE / BTLE_DATA / BTLE_CTRL / LL_ENC_RSP
2024-07-23 14:32:58,539 - INFO - Bluetooth_SUL.py:179 - TX ---> BTLE / BTLE_ADV / BTLE_SCAN_REQ
2024-07-23 14:32:58,991 - INFO - Bluetooth_SUL.py:179 - TX ---> BTLE / BTLE_DATA / BTLE_CTRL / LL_START_ENC_REQ
2024-07-23 14:32:59,150 - INFO - Bluetooth_SUL.py:179 - TX ---> BTLE / BTLE_ADV / BTLE_SCAN_REQ
2024-07-23 14:32:59,587 - INFO - Bluetooth_SUL.py:179 - TX ---> BTLE / BTLE_ADV / BTLE_SCAN_REQ
2024-07-23 14:32:59,661 - INFO - Bluetooth_SUL.py:179 - TX ---> BTLE / BTLE_ADV / BTLE_SCAN_REQ
2024-07-23 14:33:01,131 - INFO - Bluetooth_SUL.py:179 - TX ---> BTLE / BTLE_DATA / BTLE_CTRL / LL_START_ENC_RSP
2024-07-23 14:33:01,328 - INFO - Bluetooth_SUL.py:179 - TX ---> BTLE / BTLE_ADV / BTLE_SCAN_REQ
2024-07-23 14:33:01,979 - INFO - Bluetooth_SUL.py:179 - TX ---> BTLE / BTLE_ADV / BTLE_SCAN_REQ
2024-07-23 14:33:02,227 - INFO - Bluetooth_SUL.py:179 - TX ---> BTLE / BTLE_ADV / BTLE_SCAN_REQ
2024-07-23 14:33:03,047 - INFO - Bluetooth_SUL.py:179 - TX ---> BTLE / BTLE_DATA / BTLE_CTRL / LL_UNKNOWN_RSP
2024-07-23 14:33:03,266 - INFO - Bluetooth_SUL.py:179 - TX ---> BTLE / BTLE_ADV / BTLE_SCAN_REQ
2024-07-23 14:33:03,637 - INFO - Bluetooth_SUL.py:179 - TX ---> BTLE / BTLE_ADV / BTLE_SCAN_REQ
2024-07-23 14:33:03,692 - INFO - Bluetooth_SUL.py:179 - TX ---> BTLE / BTLE_ADV / BTLE_SCAN_REQ
2024-07-23 14:33:03,777 - INFO - Bluetooth_SUL.py:179 - TX ---> BTLE / BTLE_ADV / BTLE_SCAN_REQ
2024-07-23 14:33:03,913 - INFO - Bluetooth_SUL.py:179 - TX ---> BTLE / BTLE_ADV / BTLE_SCAN_REQ
2024-07-23 14:33:04,002 - INFO - Bluetooth_SUL.py:179 - TX ---> BTLE / BTLE_ADV / BTLE_SCAN_REQ
2024-07-23 14:33:04,160 - INFO - Bluetooth_SUL.py:179 - TX ---> BTLE / BTLE_ADV / BTLE_SCAN_REQ
2024-07-23 14:33:04,684 - INFO - Bluetooth_SUL.py:179 - TX ---> BTLE / BTLE_DATA / BTLE_CTRL / LL_FEATURE_REQ
2024-07-23 14:33:04,844 - INFO - Bluetooth_SUL.py:179 - TX ---> BTLE / BTLE_ADV / BTLE_SCAN_REQ
2024-07-23 14:33:05,298 - INFO - Bluetooth_SUL.py:179 - TX ---> BTLE / BTLE_DATA / BTLE_CTRL / LL_FEATURE_RSP
2024-07-23 14:33:05,497 - INFO - Bluetooth_SUL.py:179 - TX ---> BTLE / BTLE_ADV / BTLE_SCAN_REQ
2024-07-23 14:33:05,963 - INFO - Bluetooth_SUL.py:179 - TX ---> BTLE / BTLE_DATA / BTLE_CTRL / LL_PAUSE_ENC_REQ
2024-07-23 14:33:06,163 - INFO - Bluetooth_SUL.py:179 - TX ---> BTLE / BTLE_ADV / BTLE_SCAN_REQ
2024-07-23 14:33:06,503 - INFO - Bluetooth_SUL.py:179 - TX ---> BTLE / BTLE_ADV / BTLE_SCAN_REQ
2024-07-23 14:33:06,743 - INFO - Bluetooth_SUL.py:179 - TX ---> BTLE / BTLE_DATA / BTLE_CTRL / LL_PAUSE_ENC_RSP
2024-07-23 14:33:06,942 - INFO - Bluetooth_SUL.py:179 - TX ---> BTLE / BTLE_ADV / BTLE_SCAN_REQ
2024-07-23 14:33:07,309 - INFO - Bluetooth_SUL.py:179 - TX ---> BTLE / BTLE_ADV / BTLE_SCAN_REQ
2024-07-23 14:33:08,648 - INFO - Bluetooth_SUL.py:179 - TX ---> BTLE / BTLE_DATA / BTLE_CTRL / LL_VERSION_IND
2024-07-23 14:33:08,808 - INFO - Bluetooth_SUL.py:179 - TX ---> BTLE / BTLE_ADV / BTLE_SCAN_REQ
2024-07-23 14:33:09,180 - INFO - Bluetooth_SUL.py:179 - TX ---> BTLE / BTLE_ADV / BTLE_SCAN_REQ
2024-07-23 14:33:09,239 - INFO - Bluetooth_SUL.py:179 - TX ---> BTLE / BTLE_ADV / BTLE_SCAN_REQ
2024-07-23 14:33:10,525 - INFO - Bluetooth_SUL.py:179 - TX ---> BTLE / BTLE_DATA / BTLE_CTRL / LL_REJECT_IND
2024-07-23 14:33:10,725 - INFO - Bluetooth_SUL.py:179 - TX ---> BTLE / BTLE_ADV / BTLE_SCAN_REQ
2024-07-23 14:33:11,116 - INFO - Bluetooth_SUL.py:179 - TX ---> BTLE / BTLE_ADV / BTLE_SCAN_REQ
2024-07-23 14:33:11,776 - INFO - Bluetooth_SUL.py:179 - TX ---> BTLE / BTLE_DATA / BTLE_CTRL / LL_SLAVE_FEATURE_REQ
2024-07-23 14:33:11,935 - INFO - Bluetooth_SUL.py:179 - TX ---> BTLE / BTLE_ADV / BTLE_SCAN_REQ
2024-07-23 14:33:12,349 - INFO - Bluetooth_SUL.py:179 - TX ---> BTLE / BTLE_DATA / BTLE_CTRL / LL_REJECT_EXT_IND
2024-07-23 14:33:12,528 - INFO - Bluetooth_SUL.py:179 - TX ---> BTLE / BTLE_ADV / BTLE_SCAN_REQ
2024-07-23 14:33:13,036 - INFO - Bluetooth_SUL.py:179 - TX ---> BTLE / BTLE_DATA / BTLE_CTRL / LL_PING_REQ
2024-07-23 14:33:13,195 - INFO - Bluetooth_SUL.py:179 - TX ---> BTLE / BTLE_ADV / BTLE_SCAN_REQ
2024-07-23 14:33:13,624 - INFO - Bluetooth_SUL.py:179 - TX ---> BTLE / BTLE_DATA / BTLE_CTRL / LL_PING_RSP
2024-07-23 14:33:13,823 - INFO - Bluetooth_SUL.py:179 - TX ---> BTLE / BTLE_ADV / BTLE_SCAN_REQ
2024-07-23 14:33:14,332 - INFO - Bluetooth_SUL.py:179 - TX ---> BTLE / BTLE_DATA / BTLE_CTRL / LL_LENGTH_REQ
2024-07-23 14:33:14,492 - INFO - Bluetooth_SUL.py:179 - TX ---> BTLE / BTLE_ADV / BTLE_SCAN_REQ
2024-07-23 14:33:15,022 - INFO - Bluetooth_SUL.py:179 - TX ---> BTLE / BTLE_DATA / BTLE_CTRL / LL_LENGTH_RSP
2024-07-23 14:33:15,222 - INFO - Bluetooth_SUL.py:179 - TX ---> BTLE / BTLE_ADV / BTLE_SCAN_REQ
2024-07-23 14:33:15,568 - INFO - Bluetooth_SUL.py:179 - TX ---> BTLE / BTLE_DATA / BTLE_CTRL / LL_TERMINATE_IND
2024-07-23 14:33:16,310 - INFO - Bluetooth_SUL.py:179 - TX ---> BTLE / BTLE_ADV / BTLE_SCAN_REQ
2024-07-23 14:33:16,818 - INFO - Bluetooth_SUL.py:179 - TX ---> BTLE / BTLE_DATA
2024-07-23 14:33:17,035 - INFO - StatePrefixEqOracleFailSafe.py:76 - [31mFinding counterexample2024-07-23 14:33:17[39m
2024-07-23 14:33:17,036 - INFO - Bluetooth_SUL.py:179 - TX ---> BTLE / BTLE_ADV / BTLE_SCAN_REQ
2024-07-23 14:33:17,912 - INFO - StatePrefixEqOracleFailSafe.py:128 - [31msul_step_suffix: ll_feature_req_pkt[39m
2024-07-23 14:33:17,915 - INFO - Bluetooth_SUL.py:179 - TX ---> BTLE / BTLE_DATA / BTLE_CTRL / LL_FEATURE_REQ
2024-07-23 14:33:18,073 - INFO - StatePrefixEqOracleFailSafe.py:128 - [31msul_step_suffix: ll_slave_feature_req_pkt[39m
2024-07-23 14:33:18,075 - INFO - Bluetooth_SUL.py:179 - TX ---> BTLE / BTLE_DATA / BTLE_CTRL / LL_SLAVE_FEATURE_REQ
2024-07-23 14:33:18,232 - INFO - StatePrefixEqOracleFailSafe.py:128 - [31msul_step_suffix: ll_feature_rsp_pkt[39m
2024-07-23 14:33:18,235 - INFO - Bluetooth_SUL.py:179 - TX ---> BTLE / BTLE_DATA / BTLE_CTRL / LL_FEATURE_RSP
2024-07-23 14:33:18,432 - INFO - StatePrefixEqOracleFailSafe.py:128 - [31msul_step_suffix: ll_version_ind_pkt[39m
2024-07-23 14:33:18,435 - INFO - Bluetooth_SUL.py:179 - TX ---> BTLE / BTLE_DATA / BTLE_CTRL / LL_VERSION_IND
2024-07-23 14:33:18,613 - INFO - StatePrefixEqOracleFailSafe.py:128 - [31msul_step_suffix: ll_ping_req_pkt[39m
2024-07-23 14:33:18,615 - INFO - Bluetooth_SUL.py:179 - TX ---> BTLE / BTLE_DATA / BTLE_CTRL / LL_PING_REQ
2024-07-23 14:33:18,772 - INFO - StatePrefixEqOracleFailSafe.py:128 - [31msul_step_suffix: ll_terminate_ind_pkt[39m
2024-07-23 14:33:18,775 - INFO - Bluetooth_SUL.py:179 - TX ---> BTLE / BTLE_DATA / BTLE_CTRL / LL_TERMINATE_IND
2024-07-23 14:33:19,697 - INFO - Bluetooth_SUL.py:179 - TX ---> BTLE / BTLE_ADV / BTLE_SCAN_REQ
2024-07-23 14:33:20,245 - INFO - Bluetooth_SUL.py:179 - TX ---> BTLE / BTLE_DATA / BTLE_CTRL / LL_FEATURE_REQ
2024-07-23 14:33:20,425 - INFO - Bluetooth_SUL.py:179 - TX ---> BTLE / BTLE_DATA / BTLE_CTRL / LL_SLAVE_FEATURE_REQ
2024-07-23 14:33:20,585 - INFO - Bluetooth_SUL.py:179 - TX ---> BTLE / BTLE_DATA / BTLE_CTRL / LL_FEATURE_RSP
2024-07-23 14:33:20,786 - INFO - Bluetooth_SUL.py:179 - TX ---> BTLE / BTLE_DATA / BTLE_CTRL / LL_VERSION_IND
2024-07-23 14:33:20,945 - INFO - Bluetooth_SUL.py:179 - TX ---> BTLE / BTLE_DATA / BTLE_CTRL / LL_PING_REQ
2024-07-23 14:33:21,105 - INFO - Bluetooth_SUL.py:179 - TX ---> BTLE / BTLE_DATA / BTLE_CTRL / LL_TERMINATE_IND
2024-07-23 14:33:22,025 - INFO - StatePrefixEqOracleFailSafe.py:128 - [31msul_step_suffix: ll_ping_req_pkt[39m
2024-07-23 14:33:22,026 - INFO - Bluetooth_SUL.py:179 - TX ---> BTLE / BTLE_DATA / BTLE_CTRL / LL_PING_REQ
2024-07-23 14:33:23,032 - INFO - Bluetooth_SUL.py:179 - TX ---> BTLE / BTLE_ADV / BTLE_SCAN_REQ
2024-07-23 14:33:23,517 - INFO - Bluetooth_SUL.py:179 - TX ---> BTLE / BTLE_DATA / BTLE_CTRL / LL_FEATURE_REQ
2024-07-23 14:33:23,697 - INFO - Bluetooth_SUL.py:179 - TX ---> BTLE / BTLE_DATA / BTLE_CTRL / LL_SLAVE_FEATURE_REQ
2024-07-23 14:33:23,877 - INFO - Bluetooth_SUL.py:179 - TX ---> BTLE / BTLE_DATA / BTLE_CTRL / LL_FEATURE_RSP
2024-07-23 14:33:24,077 - INFO - Bluetooth_SUL.py:179 - TX ---> BTLE / BTLE_DATA / BTLE_CTRL / LL_VERSION_IND
2024-07-23 14:33:24,257 - INFO - Bluetooth_SUL.py:179 - TX ---> BTLE / BTLE_DATA / BTLE_CTRL / LL_PING_REQ
2024-07-23 14:33:24,417 - INFO - Bluetooth_SUL.py:179 - TX ---> BTLE / BTLE_DATA / BTLE_CTRL / LL_TERMINATE_IND
2024-07-23 14:33:25,340 - INFO - Bluetooth_SUL.py:179 - TX ---> BTLE / BTLE_ADV / BTLE_SCAN_REQ
2024-07-23 14:33:25,431 - INFO - Bluetooth_SUL.py:179 - TX ---> BTLE / BTLE_DATA / BTLE_CTRL / LL_PING_REQ
2024-07-23 14:33:25,611 - INFO - Bluetooth_SUL.py:179 - TX ---> BTLE / BTLE_ADV / BTLE_SCAN_REQ
2024-07-23 14:33:26,142 - INFO - Bluetooth_SUL.py:179 - TX ---> BTLE / BTLE_DATA / BTLE_CTRL / LL_FEATURE_REQ
2024-07-23 14:33:26,322 - INFO - Bluetooth_SUL.py:179 - TX ---> BTLE / BTLE_DATA / BTLE_CTRL / LL_SLAVE_FEATURE_REQ
2024-07-23 14:33:26,482 - INFO - Bluetooth_SUL.py:179 - TX ---> BTLE / BTLE_DATA / BTLE_CTRL / LL_FEATURE_RSP
2024-07-23 14:33:26,682 - INFO - Bluetooth_SUL.py:179 - TX ---> BTLE / BTLE_DATA / BTLE_CTRL / LL_VERSION_IND
2024-07-23 14:33:26,862 - INFO - Bluetooth_SUL.py:179 - TX ---> BTLE / BTLE_DATA / BTLE_CTRL / LL_PING_REQ
2024-07-23 14:33:27,019 - INFO - Bluetooth_SUL.py:179 - TX ---> BTLE / BTLE_DATA / BTLE_CTRL / LL_TERMINATE_IND
2024-07-23 14:33:27,944 - INFO - Bluetooth_SUL.py:179 - TX ---> BTLE / BTLE_DATA / BTLE_CTRL / LL_PING_REQ
2024-07-23 14:33:28,951 - INFO - KV.py:127 - Learning round 1
2024-07-23 14:33:28,951 - INFO - KV.py:131 - entering update_hypothesis
2024-07-23 14:33:28,951 - INFO - Bluetooth_SUL.py:179 - TX ---> BTLE / BTLE_ADV / BTLE_SCAN_REQ
2024-07-23 14:33:29,563 - INFO - Bluetooth_SUL.py:179 - TX ---> BTLE / BTLE_DATA / BTLE_CTRL / LL_ENC_REQ
2024-07-23 14:33:29,723 - INFO - Bluetooth_SUL.py:179 - TX ---> BTLE / BTLE_DATA / BTLE_CTRL / LL_PING_REQ
2024-07-23 14:33:29,883 - INFO - Bluetooth_SUL.py:179 - TX ---> BTLE / BTLE_ADV / BTLE_SCAN_REQ
2024-07-23 14:33:30,825 - INFO - Bluetooth_SUL.py:179 - TX ---> BTLE / BTLE_ADV / BTLE_SCAN_REQ
2024-07-23 14:33:31,634 - INFO - Bluetooth_SUL.py:179 - TX ---> BTLE / BTLE_ADV / BTLE_SCAN_REQ
2024-07-23 14:33:31,816 - INFO - Bluetooth_SUL.py:179 - TX ---> BTLE / BTLE_ADV / BTLE_SCAN_REQ
2024-07-23 14:33:32,653 - INFO - Bluetooth_SUL.py:179 - TX ---> BTLE / BTLE_DATA / BTLE_CTRL / LL_ENC_REQ
2024-07-23 14:33:32,813 - INFO - Bluetooth_SUL.py:179 - TX ---> BTLE / BTLE_ADV / BTLE_SCAN_REQ
2024-07-23 14:33:33,195 - INFO - Bluetooth_SUL.py:179 - TX ---> BTLE / BTLE_DATA / BTLE_CTRL / LL_ENC_RSP
2024-07-23 14:33:33,374 - INFO - Bluetooth_SUL.py:179 - TX ---> BTLE / BTLE_DATA / BTLE_CTRL / LL_PING_REQ
2024-07-23 14:33:33,554 - INFO - Bluetooth_SUL.py:179 - TX ---> BTLE / BTLE_ADV / BTLE_SCAN_REQ
2024-07-23 14:33:33,901 - INFO - Bluetooth_SUL.py:179 - TX ---> BTLE / BTLE_ADV / BTLE_SCAN_REQ
2024-07-23 14:33:34,345 - INFO - Bluetooth_SUL.py:179 - TX ---> BTLE / BTLE_DATA / BTLE_CTRL / LL_ENC_RSP
2024-07-23 14:33:34,504 - INFO - Bluetooth_SUL.py:179 - TX ---> BTLE / BTLE_ADV / BTLE_SCAN_REQ
2024-07-23 14:33:34,859 - INFO - Bluetooth_SUL.py:179 - TX ---> BTLE / BTLE_ADV / BTLE_SCAN_REQ
2024-07-23 14:33:36,231 - INFO - Bluetooth_SUL.py:179 - TX ---> BTLE / BTLE_DATA / BTLE_CTRL / LL_START_ENC_REQ
2024-07-23 14:33:36,391 - INFO - Bluetooth_SUL.py:179 - TX ---> BTLE / BTLE_DATA / BTLE_CTRL / LL_PING_REQ
2024-07-23 14:33:36,551 - INFO - Bluetooth_SUL.py:179 - TX ---> BTLE / BTLE_ADV / BTLE_SCAN_REQ
2024-07-23 14:33:37,495 - INFO - Bluetooth_SUL.py:179 - TX ---> BTLE / BTLE_ADV / BTLE_SCAN_REQ
2024-07-23 14:33:37,724 - INFO - Bluetooth_SUL.py:179 - TX ---> BTLE / BTLE_ADV / BTLE_SCAN_REQ
2024-07-23 14:33:38,987 - INFO - Bluetooth_SUL.py:179 - TX ---> BTLE / BTLE_DATA / BTLE_CTRL / LL_START_ENC_REQ
2024-07-23 14:33:39,147 - INFO - Bluetooth_SUL.py:179 - TX ---> BTLE / BTLE_ADV / BTLE_SCAN_REQ
2024-07-23 14:33:39,519 - INFO - Bluetooth_SUL.py:179 - TX ---> BTLE / BTLE_ADV / BTLE_SCAN_REQ
2024-07-23 14:33:39,612 - INFO - Bluetooth_SUL.py:179 - TX ---> BTLE / BTLE_DATA / BTLE_CTRL / LL_START_ENC_RSP
2024-07-23 14:33:39,792 - INFO - Bluetooth_SUL.py:179 - TX ---> BTLE / BTLE_DATA / BTLE_CTRL / LL_PING_REQ
2024-07-23 14:33:39,951 - INFO - Bluetooth_SUL.py:179 - TX ---> BTLE / BTLE_ADV / BTLE_SCAN_REQ
2024-07-23 14:33:40,441 - INFO - Bluetooth_SUL.py:179 - TX ---> BTLE / BTLE_DATA / BTLE_CTRL / LL_START_ENC_RSP
2024-07-23 14:33:40,641 - INFO - Bluetooth_SUL.py:179 - TX ---> BTLE / BTLE_ADV / BTLE_SCAN_REQ
2024-07-23 14:33:41,026 - INFO - Bluetooth_SUL.py:179 - TX ---> BTLE / BTLE_ADV / BTLE_SCAN_REQ
2024-07-23 14:33:42,317 - INFO - Bluetooth_SUL.py:179 - TX ---> BTLE / BTLE_DATA / BTLE_CTRL / LL_UNKNOWN_RSP
2024-07-23 14:33:42,557 - INFO - Bluetooth_SUL.py:179 - TX ---> BTLE / BTLE_DATA / BTLE_CTRL / LL_PING_REQ
2024-07-23 14:33:42,717 - INFO - Bluetooth_SUL.py:179 - TX ---> BTLE / BTLE_ADV / BTLE_SCAN_REQ
2024-07-23 14:33:43,220 - INFO - Bluetooth_SUL.py:179 - TX ---> BTLE / BTLE_DATA / BTLE_CTRL / LL_UNKNOWN_RSP
2024-07-23 14:33:43,420 - INFO - Bluetooth_SUL.py:179 - TX ---> BTLE / BTLE_ADV / BTLE_SCAN_REQ
2024-07-23 14:33:43,779 - INFO - Bluetooth_SUL.py:179 - TX ---> BTLE / BTLE_DATA / BTLE_CTRL / LL_FEATURE_REQ
2024-07-23 14:33:43,939 - INFO - Bluetooth_SUL.py:179 - TX ---> BTLE / BTLE_DATA / BTLE_CTRL / LL_PING_REQ
2024-07-23 14:33:44,099 - INFO - Bluetooth_SUL.py:179 - TX ---> BTLE / BTLE_ADV / BTLE_SCAN_REQ
2024-07-23 14:33:44,545 - INFO - Bluetooth_SUL.py:179 - TX ---> BTLE / BTLE_DATA / BTLE_CTRL / LL_FEATURE_REQ
2024-07-23 14:33:44,704 - INFO - Bluetooth_SUL.py:179 - TX ---> BTLE / BTLE_ADV / BTLE_SCAN_REQ
2024-07-23 14:33:45,102 - INFO - Bluetooth_SUL.py:179 - TX ---> BTLE / BTLE_DATA / BTLE_CTRL / LL_FEATURE_RSP
2024-07-23 14:33:45,302 - INFO - Bluetooth_SUL.py:179 - TX ---> BTLE / BTLE_DATA / BTLE_CTRL / LL_PING_REQ
2024-07-23 14:33:45,463 - INFO - Bluetooth_SUL.py:179 - TX ---> BTLE / BTLE_ADV / BTLE_SCAN_REQ
2024-07-23 14:33:45,875 - INFO - Bluetooth_SUL.py:179 - TX ---> BTLE / BTLE_DATA / BTLE_CTRL / LL_FEATURE_RSP
2024-07-23 14:33:46,075 - INFO - Bluetooth_SUL.py:179 - TX ---> BTLE / BTLE_ADV / BTLE_SCAN_REQ
2024-07-23 14:33:46,459 - INFO - Bluetooth_SUL.py:179 - TX ---> BTLE / BTLE_DATA / BTLE_CTRL / LL_PAUSE_ENC_REQ
2024-07-23 14:33:46,659 - INFO - Bluetooth_SUL.py:179 - TX ---> BTLE / BTLE_DATA / BTLE_CTRL / LL_PING_REQ
2024-07-23 14:33:46,839 - INFO - Bluetooth_SUL.py:179 - TX ---> BTLE / BTLE_ADV / BTLE_SCAN_REQ
2024-07-23 14:33:47,187 - INFO - Bluetooth_SUL.py:179 - TX ---> BTLE / BTLE_ADV / BTLE_SCAN_REQ
2024-07-23 14:33:47,959 - INFO - Bluetooth_SUL.py:179 - TX ---> BTLE / BTLE_DATA / BTLE_CTRL / LL_PAUSE_ENC_REQ
2024-07-23 14:33:48,118 - INFO - Bluetooth_SUL.py:179 - TX ---> BTLE / BTLE_ADV / BTLE_SCAN_REQ
2024-07-23 14:33:48,610 - INFO - Bluetooth_SUL.py:179 - TX ---> BTLE / BTLE_DATA / BTLE_CTRL / LL_PAUSE_ENC_RSP
2024-07-23 14:33:48,830 - INFO - Bluetooth_SUL.py:179 - TX ---> BTLE / BTLE_DATA / BTLE_CTRL / LL_PING_REQ
2024-07-23 14:33:48,989 - INFO - Bluetooth_SUL.py:179 - TX ---> BTLE / BTLE_ADV / BTLE_SCAN_REQ
2024-07-23 14:33:49,396 - INFO - Bluetooth_SUL.py:179 - TX ---> BTLE / BTLE_DATA / BTLE_CTRL / LL_PAUSE_ENC_RSP
2024-07-23 14:33:49,614 - INFO - Bluetooth_SUL.py:179 - TX ---> BTLE / BTLE_ADV / BTLE_SCAN_REQ
2024-07-23 14:33:50,053 - INFO - Bluetooth_SUL.py:179 - TX ---> BTLE / BTLE_DATA / BTLE_CTRL / LL_VERSION_IND
2024-07-23 14:33:50,234 - INFO - Bluetooth_SUL.py:179 - TX ---> BTLE / BTLE_DATA / BTLE_CTRL / LL_PING_REQ
2024-07-23 14:33:50,393 - INFO - Bluetooth_SUL.py:179 - TX ---> BTLE / BTLE_ADV / BTLE_SCAN_REQ
2024-07-23 14:33:51,262 - INFO - Bluetooth_SUL.py:179 - TX ---> BTLE / BTLE_ADV / BTLE_SCAN_REQ
2024-07-23 14:33:51,585 - INFO - Bluetooth_SUL.py:179 - TX ---> BTLE / BTLE_DATA / BTLE_CTRL / LL_VERSION_IND
2024-07-23 14:33:51,745 - INFO - Bluetooth_SUL.py:179 - TX ---> BTLE / BTLE_ADV / BTLE_SCAN_REQ
2024-07-23 14:33:52,109 - INFO - Bluetooth_SUL.py:179 - TX ---> BTLE / BTLE_DATA / BTLE_CTRL / LL_REJECT_IND
2024-07-23 14:33:52,329 - INFO - Bluetooth_SUL.py:179 - TX ---> BTLE / BTLE_DATA / BTLE_CTRL / LL_PING_REQ
2024-07-23 14:33:52,509 - INFO - Bluetooth_SUL.py:179 - TX ---> BTLE / BTLE_ADV / BTLE_SCAN_REQ
2024-07-23 14:33:52,887 - INFO - Bluetooth_SUL.py:179 - TX ---> BTLE / BTLE_DATA / BTLE_CTRL / LL_REJECT_IND
2024-07-23 14:33:53,126 - INFO - Bluetooth_SUL.py:179 - TX ---> BTLE / BTLE_ADV / BTLE_SCAN_REQ
2024-07-23 14:33:53,472 - INFO - Bluetooth_SUL.py:179 - TX ---> BTLE / BTLE_ADV / BTLE_SCAN_REQ
2024-07-23 14:33:53,537 - INFO - Bluetooth_SUL.py:179 - TX ---> BTLE / BTLE_ADV / BTLE_SCAN_REQ
2024-07-23 14:33:53,720 - INFO - Bluetooth_SUL.py:179 - TX ---> BTLE / BTLE_DATA / BTLE_CTRL / LL_SLAVE_FEATURE_REQ
2024-07-23 14:33:53,879 - INFO - Bluetooth_SUL.py:179 - TX ---> BTLE / BTLE_DATA / BTLE_CTRL / LL_PING_REQ
2024-07-23 14:33:54,039 - INFO - Bluetooth_SUL.py:179 - TX ---> BTLE / BTLE_ADV / BTLE_SCAN_REQ
2024-07-23 14:33:54,399 - INFO - Bluetooth_SUL.py:179 - TX ---> BTLE / BTLE_DATA / BTLE_CTRL / LL_SLAVE_FEATURE_REQ
2024-07-23 14:33:54,578 - INFO - Bluetooth_SUL.py:179 - TX ---> BTLE / BTLE_ADV / BTLE_SCAN_REQ
2024-07-23 14:33:54,949 - INFO - Bluetooth_SUL.py:179 - TX ---> BTLE / BTLE_ADV / BTLE_SCAN_REQ
2024-07-23 14:33:55,922 - INFO - Bluetooth_SUL.py:179 - TX ---> BTLE / BTLE_DATA / BTLE_CTRL / LL_REJECT_EXT_IND
2024-07-23 14:33:56,102 - INFO - Bluetooth_SUL.py:179 - TX ---> BTLE / BTLE_DATA / BTLE_CTRL / LL_PING_REQ
2024-07-23 14:33:56,261 - INFO - Bluetooth_SUL.py:179 - TX ---> BTLE / BTLE_ADV / BTLE_SCAN_REQ
2024-07-23 14:33:56,719 - INFO - Bluetooth_SUL.py:179 - TX ---> BTLE / BTLE_ADV / BTLE_SCAN_REQ
2024-07-23 14:33:56,965 - INFO - Bluetooth_SUL.py:179 - TX ---> BTLE / BTLE_DATA / BTLE_CTRL / LL_REJECT_EXT_IND
2024-07-23 14:33:57,124 - INFO - Bluetooth_SUL.py:179 - TX ---> BTLE / BTLE_ADV / BTLE_SCAN_REQ
2024-07-23 14:33:57,592 - INFO - Bluetooth_SUL.py:179 - TX ---> BTLE / BTLE_DATA / BTLE_CTRL / LL_PING_REQ
2024-07-23 14:33:57,751 - INFO - Bluetooth_SUL.py:179 - TX ---> BTLE / BTLE_DATA / BTLE_CTRL / LL_PING_REQ
2024-07-23 14:33:57,951 - INFO - Bluetooth_SUL.py:179 - TX ---> BTLE / BTLE_ADV / BTLE_SCAN_REQ
2024-07-23 14:33:58,465 - INFO - Bluetooth_SUL.py:179 - TX ---> BTLE / BTLE_DATA / BTLE_CTRL / LL_PING_REQ
2024-07-23 14:33:58,645 - INFO - Bluetooth_SUL.py:179 - TX ---> BTLE / BTLE_ADV / BTLE_SCAN_REQ
2024-07-23 14:33:59,100 - INFO - Bluetooth_SUL.py:179 - TX ---> BTLE / BTLE_DATA / BTLE_CTRL / LL_PING_RSP
2024-07-23 14:33:59,301 - INFO - Bluetooth_SUL.py:179 - TX ---> BTLE / BTLE_DATA / BTLE_CTRL / LL_PING_REQ
2024-07-23 14:33:59,460 - INFO - Bluetooth_SUL.py:179 - TX ---> BTLE / BTLE_ADV / BTLE_SCAN_REQ
2024-07-23 14:33:59,795 - INFO - Bluetooth_SUL.py:179 - TX ---> BTLE / BTLE_ADV / BTLE_SCAN_REQ
2024-07-23 14:33:59,973 - INFO - Bluetooth_SUL.py:179 - TX ---> BTLE / BTLE_ADV / BTLE_SCAN_REQ
2024-07-23 14:34:00,069 - INFO - Bluetooth_SUL.py:179 - TX ---> BTLE / BTLE_ADV / BTLE_SCAN_REQ
2024-07-23 14:34:00,175 - INFO - Bluetooth_SUL.py:179 - TX ---> BTLE / BTLE_ADV / BTLE_SCAN_REQ
2024-07-23 14:34:00,314 - INFO - Bluetooth_SUL.py:179 - TX ---> BTLE / BTLE_ADV / BTLE_SCAN_REQ
2024-07-23 14:34:00,446 - INFO - Bluetooth_SUL.py:179 - TX ---> BTLE / BTLE_ADV / BTLE_SCAN_REQ
2024-07-23 14:34:01,083 - INFO - Bluetooth_SUL.py:179 - TX ---> BTLE / BTLE_DATA / BTLE_CTRL / LL_PING_RSP
2024-07-23 14:34:01,303 - INFO - Bluetooth_SUL.py:179 - TX ---> BTLE / BTLE_ADV / BTLE_SCAN_REQ
2024-07-23 14:34:01,634 - INFO - Bluetooth_SUL.py:179 - TX ---> BTLE / BTLE_ADV / BTLE_SCAN_REQ
2024-07-23 14:34:02,637 - INFO - Bluetooth_SUL.py:179 - TX ---> BTLE / BTLE_DATA / BTLE_CTRL / LL_LENGTH_REQ
2024-07-23 14:34:02,798 - INFO - Bluetooth_SUL.py:179 - TX ---> BTLE / BTLE_DATA / BTLE_CTRL / LL_PING_REQ
2024-07-23 14:34:02,957 - INFO - Bluetooth_SUL.py:179 - TX ---> BTLE / BTLE_ADV / BTLE_SCAN_REQ
2024-07-23 14:34:03,729 - INFO - Bluetooth_SUL.py:179 - TX ---> BTLE / BTLE_ADV / BTLE_SCAN_REQ
2024-07-23 14:34:03,921 - INFO - Bluetooth_SUL.py:179 - TX ---> BTLE / BTLE_ADV / BTLE_SCAN_REQ
2024-07-23 14:34:04,542 - INFO - Bluetooth_SUL.py:179 - TX ---> BTLE / BTLE_ADV / BTLE_SCAN_REQ
2024-07-23 14:34:04,940 - INFO - Bluetooth_SUL.py:179 - TX ---> BTLE / BTLE_DATA / BTLE_CTRL / LL_LENGTH_REQ
2024-07-23 14:34:05,099 - INFO - Bluetooth_SUL.py:179 - TX ---> BTLE / BTLE_ADV / BTLE_SCAN_REQ
