2024-08-07 18:15:10,972 - INFO - ble_fuzzing.py:51 - untested_layer:['LL_TERMINATE_IND', 'LL_UNKNOWN_RSP', 'LL_VERSION_IND', 'LL_VERSION_IND', 'LL_VERSION_IND']
2024-08-07 18:15:10,987 - INFO - Bluetooth_SUL.py:72 - Advertiser Address: 00:E0:12:34:56:78
2024-08-07 18:15:10,988 - INFO - Bluetooth_SUL.py:191 - TX ---> BTLE / BTLE_ADV / BTLE_SCAN_REQ
2024-08-07 18:15:11,274 - INFO - Bluetooth_SUL.py:191 - TX ---> BTLE / BTLE_ADV / BTLE_SCAN_REQ
2024-08-07 18:15:12,777 - INFO - Bluetooth_SUL.py:191 - TX ---> BTLE / BTLE_DATA / BTLE_CTRL / LL_START_ENC_REQ
2024-08-07 18:15:12,934 - INFO - Bluetooth_SUL.py:173 - RX <--- BTLE / BTLE_DATA / BTLE_CTRL / Raw
2024-08-07 18:15:12,934 - INFO - Bluetooth_SUL.py:174 - b'\x89\x0fv\xd5\x1b\x06\x89x\x1bNQ\xe4*kf'
2024-08-07 18:15:12,938 - INFO - Bluetooth_SUL.py:191 - TX ---> BTLE / BTLE_DATA / BTLE_CTRL / LL_PING_RSP
2024-08-07 18:15:13,137 - INFO - Bluetooth_SUL.py:191 - TX ---> BTLE / BTLE_DATA / BTLE_CTRL / LL_TERMINATE_IND
2024-08-07 18:15:13,300 - INFO - Bluetooth_SUL.py:191 - TX ---> BTLE / BTLE_ADV / BTLE_SCAN_REQ
2024-08-07 18:15:14,054 - INFO - Bluetooth_SUL.py:191 - TX ---> BTLE / BTLE_DATA / BTLE_CTRL / LL_START_ENC_REQ
2024-08-07 18:15:14,209 - INFO - Bluetooth_SUL.py:173 - RX <--- BTLE / BTLE_DATA / BTLE_CTRL / Raw
2024-08-07 18:15:14,210 - INFO - Bluetooth_SUL.py:174 - b'\x89\x0fv\xd5\x17\x06\x89x\x1bNQ\xe4\x19n\x17'
2024-08-07 18:15:14,210 - INFO - Bluetooth_SUL.py:191 - TX ---> BTLE / BTLE_DATA / BTLE_CTRL / LL_PING_RSP
2024-08-07 18:15:14,413 - INFO - Bluetooth_SUL.py:191 - TX ---> BTLE / BTLE_DATA / BTLE_CTRL / LL_TERMINATE_IND
2024-08-07 18:15:14,575 - INFO - Bluetooth_SUL.py:191 - TX ---> BTLE / BTLE_ADV / BTLE_SCAN_REQ
2024-08-07 18:15:15,331 - INFO - Bluetooth_SUL.py:191 - TX ---> BTLE / BTLE_DATA / BTLE_CTRL / LL_START_ENC_REQ
2024-08-07 18:15:15,489 - INFO - Bluetooth_SUL.py:173 - RX <--- BTLE / BTLE_DATA / BTLE_CTRL / Raw
2024-08-07 18:15:15,489 - INFO - Bluetooth_SUL.py:174 - b'\x89\x0fv\xd5\x17\x06\x89x\x1bNQ\xe4\x19n\x17'
2024-08-07 18:15:15,492 - INFO - Bluetooth_SUL.py:191 - TX ---> BTLE / BTLE_DATA / BTLE_CTRL / LL_PING_RSP
2024-08-07 18:15:15,691 - INFO - Bluetooth_SUL.py:191 - TX ---> BTLE / BTLE_DATA / BTLE_CTRL / LL_TERMINATE_IND
2024-08-07 18:15:15,854 - INFO - Bluetooth_SUL.py:191 - TX ---> BTLE / BTLE_ADV / BTLE_SCAN_REQ
2024-08-07 18:15:16,642 - INFO - Bluetooth_SUL.py:191 - TX ---> BTLE / BTLE_DATA / BTLE_CTRL / LL_START_ENC_REQ
2024-08-07 18:15:16,800 - INFO - Bluetooth_SUL.py:173 - RX <--- BTLE / BTLE_DATA / BTLE_CTRL / Raw
2024-08-07 18:15:16,800 - INFO - Bluetooth_SUL.py:174 - b'\x89\x0fv\xd5\x1b\x06\x89x\x1bNQ\xe4*kf'
2024-08-07 18:15:16,803 - INFO - Bluetooth_SUL.py:191 - TX ---> BTLE / BTLE_DATA / BTLE_CTRL / LL_PING_RSP
2024-08-07 18:15:17,002 - INFO - Bluetooth_SUL.py:191 - TX ---> BTLE / BTLE_DATA / BTLE_CTRL / LL_TERMINATE_IND
2024-08-07 18:15:17,205 - INFO - Bluetooth_SUL.py:191 - TX ---> BTLE / BTLE_ADV / BTLE_SCAN_REQ
2024-08-07 18:15:18,005 - INFO - Bluetooth_SUL.py:191 - TX ---> BTLE / BTLE_ADV / BTLE_SCAN_REQ
2024-08-07 18:15:18,398 - INFO - Bluetooth_SUL.py:191 - TX ---> BTLE / BTLE_ADV / BTLE_SCAN_REQ
2024-08-07 18:15:18,730 - INFO - Bluetooth_SUL.py:191 - TX ---> BTLE / BTLE_ADV / BTLE_SCAN_REQ
2024-08-07 18:15:19,147 - INFO - Bluetooth_SUL.py:191 - TX ---> BTLE / BTLE_DATA / BTLE_CTRL / LL_START_ENC_REQ
2024-08-07 18:15:19,304 - INFO - Bluetooth_SUL.py:173 - RX <--- BTLE / BTLE_DATA / BTLE_CTRL / Raw
2024-08-07 18:15:19,304 - INFO - Bluetooth_SUL.py:174 - b'\x89\x0fv\xd5\x1b\x06\x89x\x1bNQ\xe4*kf'
2024-08-07 18:15:19,307 - INFO - Bluetooth_SUL.py:191 - TX ---> BTLE / BTLE_DATA / BTLE_CTRL / LL_PING_RSP
2024-08-07 18:15:19,506 - INFO - Bluetooth_SUL.py:191 - TX ---> BTLE / BTLE_DATA / BTLE_CTRL / LL_TERMINATE_IND
2024-08-07 18:15:19,709 - INFO - Bluetooth_SUL.py:191 - TX ---> BTLE / BTLE_ADV / BTLE_SCAN_REQ
2024-08-07 18:15:20,506 - INFO - Bluetooth_SUL.py:191 - TX ---> BTLE / BTLE_ADV / BTLE_SCAN_REQ
2024-08-07 18:15:20,899 - INFO - Bluetooth_SUL.py:191 - TX ---> BTLE / BTLE_ADV / BTLE_SCAN_REQ
2024-08-07 18:15:21,318 - INFO - Bluetooth_SUL.py:191 - TX ---> BTLE / BTLE_ADV / BTLE_SCAN_REQ
2024-08-07 18:15:22,356 - INFO - Bluetooth_SUL.py:191 - TX ---> BTLE / BTLE_ADV / BTLE_SCAN_REQ
2024-08-07 18:15:22,971 - INFO - Bluetooth_SUL.py:191 - TX ---> BTLE / BTLE_DATA / BTLE_CTRL / LL_START_ENC_REQ
2024-08-07 18:15:23,129 - INFO - Bluetooth_SUL.py:173 - RX <--- BTLE / BTLE_DATA / BTLE_CTRL / Raw
2024-08-07 18:15:23,129 - INFO - Bluetooth_SUL.py:174 - b'\x89\x0fv\xd5\x1b\x06\x89x\x1bNQ\xe4*kf'
2024-08-07 18:15:23,132 - INFO - Bluetooth_SUL.py:191 - TX ---> BTLE / BTLE_DATA / BTLE_CTRL / LL_PING_RSP
2024-08-07 18:15:23,331 - INFO - Bluetooth_SUL.py:191 - TX ---> BTLE / BTLE_DATA / BTLE_CTRL / LL_TERMINATE_IND
2024-08-07 18:15:23,534 - INFO - Bluetooth_SUL.py:191 - TX ---> BTLE / BTLE_ADV / BTLE_SCAN_REQ
2024-08-07 18:15:24,334 - INFO - Bluetooth_SUL.py:191 - TX ---> BTLE / BTLE_ADV / BTLE_SCAN_REQ
2024-08-07 18:15:25,036 - INFO - Bluetooth_SUL.py:191 - TX ---> BTLE / BTLE_ADV / BTLE_SCAN_REQ
2024-08-07 18:15:25,375 - INFO - Bluetooth_SUL.py:191 - TX ---> BTLE / BTLE_DATA / BTLE_CTRL / LL_START_ENC_REQ
2024-08-07 18:15:25,532 - INFO - Bluetooth_SUL.py:173 - RX <--- BTLE / BTLE_DATA / BTLE_CTRL / Raw
2024-08-07 18:15:25,533 - INFO - Bluetooth_SUL.py:174 - b'\x89\x0fv\xd5\x1b\x06\x89x\x1bNQ\xe4*kf'
2024-08-07 18:15:25,536 - INFO - Bluetooth_SUL.py:191 - TX ---> BTLE / BTLE_DATA / BTLE_CTRL / LL_PING_RSP
2024-08-07 18:15:25,735 - INFO - Bluetooth_SUL.py:191 - TX ---> BTLE / BTLE_DATA / BTLE_CTRL / LL_TERMINATE_IND
2024-08-07 18:15:25,898 - INFO - Bluetooth_SUL.py:191 - TX ---> BTLE / BTLE_ADV / BTLE_SCAN_REQ
2024-08-07 18:15:26,737 - INFO - Bluetooth_SUL.py:191 - TX ---> BTLE / BTLE_ADV / BTLE_SCAN_REQ
2024-08-07 18:15:27,111 - INFO - Bluetooth_SUL.py:191 - TX ---> BTLE / BTLE_DATA / BTLE_CTRL / LL_START_ENC_REQ
2024-08-07 18:15:27,268 - INFO - Bluetooth_SUL.py:173 - RX <--- BTLE / BTLE_DATA / BTLE_CTRL / Raw
2024-08-07 18:15:27,269 - INFO - Bluetooth_SUL.py:174 - b'\x89\x0fv\xd5\x1b\x06\x89x\x1bNQ\xe4*kf'
2024-08-07 18:15:27,272 - INFO - Bluetooth_SUL.py:191 - TX ---> BTLE / BTLE_DATA / BTLE_CTRL / LL_PING_RSP
2024-08-07 18:15:27,491 - INFO - Bluetooth_SUL.py:191 - TX ---> BTLE / BTLE_DATA / BTLE_CTRL / LL_TERMINATE_IND
2024-08-07 18:15:27,654 - INFO - Bluetooth_SUL.py:191 - TX ---> BTLE / BTLE_ADV / BTLE_SCAN_REQ
2024-08-07 18:15:28,455 - INFO - Bluetooth_SUL.py:191 - TX ---> BTLE / BTLE_ADV / BTLE_SCAN_REQ
2024-08-07 18:15:28,871 - INFO - Bluetooth_SUL.py:191 - TX ---> BTLE / BTLE_ADV / BTLE_SCAN_REQ
2024-08-07 18:15:29,290 - INFO - Bluetooth_SUL.py:191 - TX ---> BTLE / BTLE_DATA / BTLE_CTRL / LL_START_ENC_REQ
2024-08-07 18:15:29,447 - INFO - Bluetooth_SUL.py:173 - RX <--- BTLE / BTLE_DATA / BTLE_CTRL / Raw
2024-08-07 18:15:29,447 - INFO - Bluetooth_SUL.py:174 - b'\x89\x0fv\xd5\x1b\x06\x89x\x1bNQ\xe4*kf'
2024-08-07 18:15:29,450 - INFO - Bluetooth_SUL.py:191 - TX ---> BTLE / BTLE_DATA / BTLE_CTRL / LL_PING_RSP
2024-08-07 18:15:29,650 - INFO - Bluetooth_SUL.py:191 - TX ---> BTLE / BTLE_DATA / BTLE_CTRL / LL_TERMINATE_IND
2024-08-07 18:15:29,812 - INFO - Bluetooth_SUL.py:191 - TX ---> BTLE / BTLE_ADV / BTLE_SCAN_REQ
2024-08-07 18:15:30,627 - INFO - Bluetooth_SUL.py:191 - TX ---> BTLE / BTLE_ADV / BTLE_SCAN_REQ
2024-08-07 18:15:30,921 - INFO - Bluetooth_SUL.py:191 - TX ---> BTLE / BTLE_DATA / BTLE_CTRL / LL_START_ENC_REQ
2024-08-07 18:15:31,078 - INFO - Bluetooth_SUL.py:173 - RX <--- BTLE / BTLE_DATA / BTLE_CTRL / Raw
2024-08-07 18:15:31,079 - INFO - Bluetooth_SUL.py:174 - b'\x89\x0fv\xd5\x1b\x06\x89x\x1bNQ\xe4*kf'
2024-08-07 18:15:31,081 - INFO - Bluetooth_SUL.py:191 - TX ---> BTLE / BTLE_DATA / BTLE_CTRL / LL_PING_RSP
2024-08-07 18:15:31,281 - INFO - Bluetooth_SUL.py:191 - TX ---> BTLE / BTLE_DATA / BTLE_CTRL / LL_TERMINATE_IND
2024-08-07 18:15:31,443 - INFO - Bluetooth_SUL.py:191 - TX ---> BTLE / BTLE_ADV / BTLE_SCAN_REQ
2024-08-07 18:15:32,261 - INFO - Bluetooth_SUL.py:191 - TX ---> BTLE / BTLE_DATA / BTLE_CTRL / LL_START_ENC_REQ
2024-08-07 18:15:32,418 - INFO - Bluetooth_SUL.py:173 - RX <--- BTLE / BTLE_DATA / BTLE_CTRL / Raw
2024-08-07 18:15:32,418 - INFO - Bluetooth_SUL.py:174 - b'\x89\x0fv\xd5\x1b\x06\x89x\x1bNQ\xe4*kf'
2024-08-07 18:15:32,422 - INFO - Bluetooth_SUL.py:191 - TX ---> BTLE / BTLE_DATA / BTLE_CTRL / LL_PING_RSP
2024-08-07 18:15:32,622 - INFO - Bluetooth_SUL.py:191 - TX ---> BTLE / BTLE_DATA / BTLE_CTRL / LL_TERMINATE_IND
2024-08-07 18:15:32,824 - INFO - Bluetooth_SUL.py:191 - TX ---> BTLE / BTLE_ADV / BTLE_SCAN_REQ
2024-08-07 18:15:33,626 - INFO - Bluetooth_SUL.py:191 - TX ---> BTLE / BTLE_ADV / BTLE_SCAN_REQ
2024-08-07 18:15:34,044 - INFO - Bluetooth_SUL.py:191 - TX ---> BTLE / BTLE_ADV / BTLE_SCAN_REQ
2024-08-07 18:15:34,439 - INFO - Bluetooth_SUL.py:191 - TX ---> BTLE / BTLE_DATA / BTLE_CTRL / LL_START_ENC_REQ
2024-08-07 18:15:34,597 - INFO - Bluetooth_SUL.py:173 - RX <--- BTLE / BTLE_DATA / BTLE_CTRL / Raw
2024-08-07 18:15:34,597 - INFO - Bluetooth_SUL.py:174 - b'\x89\x0fv\xd5\x17\x06\x89x\x1bNQ\xe4\x19n\x17'
2024-08-07 18:15:34,600 - INFO - Bluetooth_SUL.py:191 - TX ---> BTLE / BTLE_DATA / BTLE_CTRL / LL_PING_RSP
2024-08-07 18:15:34,819 - INFO - Bluetooth_SUL.py:191 - TX ---> BTLE / BTLE_DATA / BTLE_CTRL / LL_TERMINATE_IND
2024-08-07 18:15:34,981 - INFO - Bluetooth_SUL.py:191 - TX ---> BTLE / BTLE_ADV / BTLE_SCAN_REQ
2024-08-07 18:15:35,778 - INFO - Bluetooth_SUL.py:191 - TX ---> BTLE / BTLE_DATA / BTLE_CTRL / LL_START_ENC_REQ
2024-08-07 18:15:35,935 - INFO - Bluetooth_SUL.py:173 - RX <--- BTLE / BTLE_DATA / BTLE_CTRL / Raw
2024-08-07 18:15:35,936 - INFO - Bluetooth_SUL.py:174 - b'\x89\x0fv\xd5\x17\x06\x89x\x1bNQ\xe4\x19n\x17'
2024-08-07 18:15:35,939 - INFO - Bluetooth_SUL.py:191 - TX ---> BTLE / BTLE_DATA / BTLE_CTRL / LL_PING_RSP
2024-08-07 18:15:36,138 - INFO - Bluetooth_SUL.py:191 - TX ---> BTLE / BTLE_DATA / BTLE_CTRL / LL_TERMINATE_IND
2024-08-07 18:15:36,360 - INFO - Bluetooth_SUL.py:191 - TX ---> BTLE / BTLE_ADV / BTLE_SCAN_REQ
2024-08-07 18:15:37,175 - INFO - Bluetooth_SUL.py:191 - TX ---> BTLE / BTLE_DATA / BTLE_CTRL / LL_START_ENC_REQ
2024-08-07 18:15:37,331 - INFO - Bluetooth_SUL.py:173 - RX <--- BTLE / BTLE_DATA / BTLE_CTRL / Raw
2024-08-07 18:15:37,332 - INFO - Bluetooth_SUL.py:174 - b'\x89\x0fv\xd5\x17\x06\x89x\x1bNQ\xe4\x19n\x17'
2024-08-07 18:15:37,335 - INFO - Bluetooth_SUL.py:191 - TX ---> BTLE / BTLE_DATA / BTLE_CTRL / LL_PING_RSP
2024-08-07 18:15:37,534 - INFO - Bluetooth_SUL.py:191 - TX ---> BTLE / BTLE_DATA / BTLE_CTRL / LL_TERMINATE_IND
2024-08-07 18:15:37,737 - INFO - Bluetooth_SUL.py:191 - TX ---> BTLE / BTLE_ADV / BTLE_SCAN_REQ
2024-08-07 18:15:38,564 - INFO - Bluetooth_SUL.py:191 - TX ---> BTLE / BTLE_DATA / BTLE_CTRL / LL_START_ENC_REQ
2024-08-07 18:15:38,722 - INFO - Bluetooth_SUL.py:173 - RX <--- BTLE / BTLE_DATA / BTLE_CTRL / Raw
2024-08-07 18:15:38,722 - INFO - Bluetooth_SUL.py:174 - b'\x89\x0fv\xd5\x1b\x06\x89x\x1bNQ\xe4*kf'
2024-08-07 18:15:38,725 - INFO - Bluetooth_SUL.py:191 - TX ---> BTLE / BTLE_DATA / BTLE_CTRL / LL_PING_RSP
2024-08-07 18:15:38,924 - INFO - Bluetooth_SUL.py:191 - TX ---> BTLE / BTLE_DATA / BTLE_CTRL / LL_TERMINATE_IND
2024-08-07 18:15:39,147 - INFO - Bluetooth_SUL.py:191 - TX ---> BTLE / BTLE_ADV / BTLE_SCAN_REQ
2024-08-07 18:15:39,898 - INFO - Bluetooth_SUL.py:191 - TX ---> BTLE / BTLE_ADV / BTLE_SCAN_REQ
2024-08-07 18:15:40,297 - INFO - Bluetooth_SUL.py:191 - TX ---> BTLE / BTLE_ADV / BTLE_SCAN_REQ
2024-08-07 18:15:40,691 - INFO - Bluetooth_SUL.py:191 - TX ---> BTLE / BTLE_ADV / BTLE_SCAN_REQ
2024-08-07 18:15:41,103 - INFO - Bluetooth_SUL.py:191 - TX ---> BTLE / BTLE_ADV / BTLE_SCAN_REQ
2024-08-07 18:15:41,775 - INFO - Bluetooth_SUL.py:191 - TX ---> BTLE / BTLE_DATA / BTLE_CTRL / LL_START_ENC_REQ
2024-08-07 18:15:41,952 - INFO - Bluetooth_SUL.py:173 - RX <--- BTLE / BTLE_DATA / BTLE_CTRL / Raw
2024-08-07 18:15:41,952 - INFO - Bluetooth_SUL.py:174 - b'\x89\x0fv\xd5\x1b\x06\x89x\x1bNQ\xe4*kf'
2024-08-07 18:15:41,955 - INFO - Bluetooth_SUL.py:191 - TX ---> BTLE / BTLE_DATA / BTLE_CTRL / LL_PING_RSP
2024-08-07 18:15:42,175 - INFO - Bluetooth_SUL.py:191 - TX ---> BTLE / BTLE_DATA / BTLE_CTRL / LL_TERMINATE_IND
2024-08-07 18:15:42,337 - INFO - Bluetooth_SUL.py:191 - TX ---> BTLE / BTLE_ADV / BTLE_SCAN_REQ
2024-08-07 18:15:43,080 - INFO - Bluetooth_SUL.py:191 - TX ---> BTLE / BTLE_ADV / BTLE_SCAN_REQ
2024-08-07 18:15:43,481 - INFO - Bluetooth_SUL.py:191 - TX ---> BTLE / BTLE_DATA / BTLE_CTRL / LL_START_ENC_REQ
2024-08-07 18:15:43,639 - INFO - Bluetooth_SUL.py:173 - RX <--- BTLE / BTLE_DATA / BTLE_CTRL / Raw
2024-08-07 18:15:43,639 - INFO - Bluetooth_SUL.py:174 - b'\x89\x0fv\xd5\x17\x06\x89x\x1bNQ\xe4\x19n\x17'
2024-08-07 18:15:43,642 - INFO - Bluetooth_SUL.py:191 - TX ---> BTLE / BTLE_DATA / BTLE_CTRL / LL_PING_RSP
2024-08-07 18:15:43,841 - INFO - Bluetooth_SUL.py:191 - TX ---> BTLE / BTLE_DATA / BTLE_CTRL / LL_TERMINATE_IND
2024-08-07 18:15:44,004 - INFO - Bluetooth_SUL.py:191 - TX ---> BTLE / BTLE_ADV / BTLE_SCAN_REQ
2024-08-07 18:15:44,847 - INFO - Bluetooth_SUL.py:191 - TX ---> BTLE / BTLE_DATA / BTLE_CTRL / LL_START_ENC_REQ
2024-08-07 18:15:45,004 - INFO - Bluetooth_SUL.py:173 - RX <--- BTLE / BTLE_DATA / BTLE_CTRL / Raw
2024-08-07 18:15:45,004 - INFO - Bluetooth_SUL.py:174 - b'\x89\x0fv\xd5\x17\x06\x89x\x1bNQ\xe4\x19n\x17'
2024-08-07 18:15:45,007 - INFO - Bluetooth_SUL.py:191 - TX ---> BTLE / BTLE_DATA / BTLE_CTRL / LL_PING_RSP
2024-08-07 18:15:45,208 - INFO - Bluetooth_SUL.py:191 - TX ---> BTLE / BTLE_DATA / BTLE_CTRL / LL_TERMINATE_IND
2024-08-07 18:15:45,369 - INFO - Bluetooth_SUL.py:191 - TX ---> BTLE / BTLE_ADV / BTLE_SCAN_REQ
2024-08-07 18:15:46,208 - INFO - Bluetooth_SUL.py:191 - TX ---> BTLE / BTLE_DATA / BTLE_CTRL / LL_START_ENC_REQ
2024-08-07 18:15:46,365 - INFO - Bluetooth_SUL.py:173 - RX <--- BTLE / BTLE_DATA / BTLE_CTRL / Raw
2024-08-07 18:15:46,365 - INFO - Bluetooth_SUL.py:174 - b'\x89\x0fv\xd5\x17\x06\x89x\x1bNQ\xe4\x19n\x17'
2024-08-07 18:15:46,368 - INFO - Bluetooth_SUL.py:191 - TX ---> BTLE / BTLE_DATA / BTLE_CTRL / LL_PING_RSP
2024-08-07 18:15:46,567 - INFO - Bluetooth_SUL.py:191 - TX ---> BTLE / BTLE_DATA / BTLE_CTRL / LL_TERMINATE_IND
2024-08-07 18:15:46,770 - INFO - Bluetooth_SUL.py:191 - TX ---> BTLE / BTLE_ADV / BTLE_SCAN_REQ
2024-08-07 18:15:47,585 - INFO - Bluetooth_SUL.py:191 - TX ---> BTLE / BTLE_DATA / BTLE_CTRL / LL_START_ENC_REQ
2024-08-07 18:15:47,742 - INFO - Bluetooth_SUL.py:173 - RX <--- BTLE / BTLE_DATA / BTLE_CTRL / Raw
2024-08-07 18:15:47,742 - INFO - Bluetooth_SUL.py:174 - b'\x89\x0fv\xd5\x1b\x06\x89x\x1bNQ\xe4*kf'
2024-08-07 18:15:47,745 - INFO - Bluetooth_SUL.py:191 - TX ---> BTLE / BTLE_DATA / BTLE_CTRL / LL_PING_RSP
2024-08-07 18:15:47,945 - INFO - Bluetooth_SUL.py:191 - TX ---> BTLE / BTLE_DATA / BTLE_CTRL / LL_TERMINATE_IND
2024-08-07 18:15:48,107 - INFO - Bluetooth_SUL.py:191 - TX ---> BTLE / BTLE_ADV / BTLE_SCAN_REQ
2024-08-07 18:15:48,904 - INFO - Bluetooth_SUL.py:191 - TX ---> BTLE / BTLE_ADV / BTLE_SCAN_REQ
2024-08-07 18:15:49,295 - INFO - Bluetooth_SUL.py:191 - TX ---> BTLE / BTLE_ADV / BTLE_SCAN_REQ
2024-08-07 18:15:49,708 - INFO - Bluetooth_SUL.py:191 - TX ---> BTLE / BTLE_ADV / BTLE_SCAN_REQ
2024-08-07 18:15:50,105 - INFO - Bluetooth_SUL.py:191 - TX ---> BTLE / BTLE_DATA / BTLE_CTRL / LL_START_ENC_REQ
2024-08-07 18:15:50,263 - INFO - Bluetooth_SUL.py:173 - RX <--- BTLE / BTLE_DATA / BTLE_CTRL / Raw
2024-08-07 18:15:50,263 - INFO - Bluetooth_SUL.py:174 - b'\x89\x0fv\xd5\x17\x06\x89x\x1bNQ\xe4\x19n\x17'
2024-08-07 18:15:50,266 - INFO - Bluetooth_SUL.py:191 - TX ---> BTLE / BTLE_DATA / BTLE_CTRL / LL_PING_RSP
2024-08-07 18:15:50,486 - INFO - Bluetooth_SUL.py:191 - TX ---> BTLE / BTLE_DATA / BTLE_CTRL / LL_TERMINATE_IND
2024-08-07 18:15:50,649 - INFO - Bluetooth_SUL.py:191 - TX ---> BTLE / BTLE_ADV / BTLE_SCAN_REQ
2024-08-07 18:15:51,501 - INFO - Bluetooth_SUL.py:191 - TX ---> BTLE / BTLE_DATA / BTLE_CTRL / LL_START_ENC_REQ
2024-08-07 18:15:51,659 - INFO - Bluetooth_SUL.py:173 - RX <--- BTLE / BTLE_DATA / BTLE_CTRL / Raw
2024-08-07 18:15:51,659 - INFO - Bluetooth_SUL.py:174 - b'\x89\x0fv\xd5\x17\x06\x89x\x1bNQ\xe4\x19n\x17'
2024-08-07 18:15:51,663 - INFO - Bluetooth_SUL.py:191 - TX ---> BTLE / BTLE_DATA / BTLE_CTRL / LL_PING_RSP
2024-08-07 18:15:51,861 - INFO - Bluetooth_SUL.py:191 - TX ---> BTLE / BTLE_DATA / BTLE_CTRL / LL_TERMINATE_IND
2024-08-07 18:15:52,043 - INFO - Bluetooth_SUL.py:191 - TX ---> BTLE / BTLE_ADV / BTLE_SCAN_REQ
2024-08-07 18:15:53,017 - INFO - Bluetooth_SUL.py:191 - TX ---> BTLE / BTLE_DATA / BTLE_CTRL / LL_START_ENC_REQ
2024-08-07 18:15:53,174 - INFO - Bluetooth_SUL.py:173 - RX <--- BTLE / BTLE_DATA / BTLE_CTRL / Raw
2024-08-07 18:15:53,174 - INFO - Bluetooth_SUL.py:174 - b'\x89\x0fv\xd5\x17\x06\x89x\x1bNQ\xe4\x19n\x17'
2024-08-07 18:15:53,177 - INFO - Bluetooth_SUL.py:191 - TX ---> BTLE / BTLE_DATA / BTLE_CTRL / LL_PING_RSP
2024-08-07 18:15:53,376 - INFO - Bluetooth_SUL.py:191 - TX ---> BTLE / BTLE_DATA / BTLE_CTRL / LL_TERMINATE_IND
2024-08-07 18:15:53,538 - INFO - Bluetooth_SUL.py:191 - TX ---> BTLE / BTLE_ADV / BTLE_SCAN_REQ
2024-08-07 18:15:54,394 - INFO - Bluetooth_SUL.py:191 - TX ---> BTLE / BTLE_DATA / BTLE_CTRL / LL_START_ENC_REQ
2024-08-07 18:15:54,549 - INFO - Bluetooth_SUL.py:173 - RX <--- BTLE / BTLE_DATA / BTLE_CTRL / Raw
2024-08-07 18:15:54,549 - INFO - Bluetooth_SUL.py:174 - b'\x89\x0fv\xd5\x1b\x06\x89x\x1bNQ\xe4*kf'
2024-08-07 18:15:54,552 - INFO - Bluetooth_SUL.py:191 - TX ---> BTLE / BTLE_DATA / BTLE_CTRL / LL_PING_RSP
2024-08-07 18:15:54,751 - INFO - Bluetooth_SUL.py:191 - TX ---> BTLE / BTLE_DATA / BTLE_CTRL / LL_TERMINATE_IND
2024-08-07 18:15:54,913 - INFO - Bluetooth_SUL.py:191 - TX ---> BTLE / BTLE_ADV / BTLE_SCAN_REQ
2024-08-07 18:15:55,759 - INFO - Bluetooth_SUL.py:191 - TX ---> BTLE / BTLE_ADV / BTLE_SCAN_REQ
2024-08-07 18:15:56,517 - INFO - Bluetooth_SUL.py:191 - TX ---> BTLE / BTLE_ADV / BTLE_SCAN_REQ
2024-08-07 18:15:56,931 - INFO - Bluetooth_SUL.py:191 - TX ---> BTLE / BTLE_DATA / BTLE_CTRL / LL_START_ENC_REQ
2024-08-07 18:15:57,089 - INFO - Bluetooth_SUL.py:173 - RX <--- BTLE / BTLE_DATA / BTLE_CTRL / Raw
2024-08-07 18:15:57,089 - INFO - Bluetooth_SUL.py:174 - b'\x89\x0fv\xd5\x17\x06\x89x\x1bNQ\xe4\x19n\x17'
2024-08-07 18:15:57,092 - INFO - Bluetooth_SUL.py:191 - TX ---> BTLE / BTLE_DATA / BTLE_CTRL / LL_PING_RSP
2024-08-07 18:15:57,291 - INFO - Bluetooth_SUL.py:191 - TX ---> BTLE / BTLE_DATA / BTLE_CTRL / LL_TERMINATE_IND
2024-08-07 18:15:57,453 - INFO - Bluetooth_SUL.py:191 - TX ---> BTLE / BTLE_ADV / BTLE_SCAN_REQ
2024-08-07 18:15:58,319 - INFO - Bluetooth_SUL.py:191 - TX ---> BTLE / BTLE_DATA / BTLE_CTRL / LL_START_ENC_REQ
2024-08-07 18:15:58,477 - INFO - Bluetooth_SUL.py:173 - RX <--- BTLE / BTLE_DATA / BTLE_CTRL / Raw
2024-08-07 18:15:58,477 - INFO - Bluetooth_SUL.py:174 - b'\x89\x0fv\xd5\x1b\x06\x89x\x1bNQ\xe4*kf'
2024-08-07 18:15:58,481 - INFO - Bluetooth_SUL.py:191 - TX ---> BTLE / BTLE_DATA / BTLE_CTRL / LL_PING_RSP
2024-08-07 18:15:58,681 - INFO - Bluetooth_SUL.py:191 - TX ---> BTLE / BTLE_DATA / BTLE_CTRL / LL_TERMINATE_IND
2024-08-07 18:15:58,841 - INFO - Bluetooth_SUL.py:191 - TX ---> BTLE / BTLE_ADV / BTLE_SCAN_REQ
2024-08-07 18:15:59,687 - INFO - Bluetooth_SUL.py:191 - TX ---> BTLE / BTLE_ADV / BTLE_SCAN_REQ
2024-08-07 18:16:00,079 - INFO - Bluetooth_SUL.py:191 - TX ---> BTLE / BTLE_ADV / BTLE_SCAN_REQ
2024-08-07 18:16:00,683 - INFO - Bluetooth_SUL.py:191 - TX ---> BTLE / BTLE_ADV / BTLE_SCAN_REQ
2024-08-07 18:16:01,120 - INFO - Bluetooth_SUL.py:191 - TX ---> BTLE / BTLE_ADV / BTLE_SCAN_REQ
2024-08-07 18:16:01,512 - INFO - Bluetooth_SUL.py:191 - TX ---> BTLE / BTLE_ADV / BTLE_SCAN_REQ
2024-08-07 18:16:02,649 - INFO - Bluetooth_SUL.py:191 - TX ---> BTLE / BTLE_ADV / BTLE_SCAN_REQ
2024-08-07 18:16:03,339 - INFO - Bluetooth_SUL.py:191 - TX ---> BTLE / BTLE_ADV / BTLE_SCAN_REQ
2024-08-07 18:16:03,734 - INFO - Bluetooth_SUL.py:191 - TX ---> BTLE / BTLE_ADV / BTLE_SCAN_REQ
2024-08-07 18:16:04,147 - INFO - Bluetooth_SUL.py:191 - TX ---> BTLE / BTLE_ADV / BTLE_SCAN_REQ
2024-08-07 18:16:05,183 - INFO - Bluetooth_SUL.py:191 - TX ---> BTLE / BTLE_ADV / BTLE_SCAN_REQ
2024-08-07 18:16:05,712 - INFO - Bluetooth_SUL.py:191 - TX ---> BTLE / BTLE_ADV / BTLE_SCAN_REQ
2024-08-07 18:16:06,152 - INFO - Bluetooth_SUL.py:191 - TX ---> BTLE / BTLE_DATA / BTLE_CTRL / LL_START_ENC_REQ
2024-08-07 18:16:06,310 - INFO - Bluetooth_SUL.py:173 - RX <--- BTLE / BTLE_DATA / BTLE_CTRL / Raw
2024-08-07 18:16:06,310 - INFO - Bluetooth_SUL.py:174 - b'\x89\x0fv\xd5\x17\x06\x89x\x1bNQ\xe4\x19n\x17'
2024-08-07 18:16:06,313 - INFO - Bluetooth_SUL.py:191 - TX ---> BTLE / BTLE_DATA / BTLE_CTRL / LL_PING_RSP
2024-08-07 18:16:06,512 - INFO - Bluetooth_SUL.py:191 - TX ---> BTLE / BTLE_DATA / BTLE_CTRL / LL_TERMINATE_IND
2024-08-07 18:16:06,674 - INFO - Bluetooth_SUL.py:191 - TX ---> BTLE / BTLE_ADV / BTLE_SCAN_REQ
2024-08-07 18:16:07,452 - INFO - Bluetooth_SUL.py:191 - TX ---> BTLE / BTLE_DATA / BTLE_CTRL / LL_START_ENC_REQ
2024-08-07 18:16:07,610 - INFO - Bluetooth_SUL.py:173 - RX <--- BTLE / BTLE_DATA / BTLE_CTRL / Raw
2024-08-07 18:16:07,610 - INFO - Bluetooth_SUL.py:174 - b'\x89\x0fv\xd5\x1b\x06\x89x\x1bNQ\xe4*kf'
2024-08-07 18:16:07,613 - INFO - Bluetooth_SUL.py:191 - TX ---> BTLE / BTLE_DATA / BTLE_CTRL / LL_PING_RSP
2024-08-07 18:16:07,834 - INFO - Bluetooth_SUL.py:191 - TX ---> BTLE / BTLE_DATA / BTLE_CTRL / LL_TERMINATE_IND
2024-08-07 18:16:07,995 - INFO - Bluetooth_SUL.py:191 - TX ---> BTLE / BTLE_ADV / BTLE_SCAN_REQ
2024-08-07 18:16:08,850 - INFO - Bluetooth_SUL.py:191 - TX ---> BTLE / BTLE_ADV / BTLE_SCAN_REQ
2024-08-07 18:16:09,788 - INFO - Bluetooth_SUL.py:191 - TX ---> BTLE / BTLE_ADV / BTLE_SCAN_REQ
2024-08-07 18:16:10,536 - INFO - Bluetooth_SUL.py:191 - TX ---> BTLE / BTLE_ADV / BTLE_SCAN_REQ
2024-08-07 18:16:10,969 - INFO - Bluetooth_SUL.py:191 - TX ---> BTLE / BTLE_ADV / BTLE_SCAN_REQ
2024-08-07 18:16:11,385 - INFO - Bluetooth_SUL.py:191 - TX ---> BTLE / BTLE_DATA / BTLE_CTRL / LL_START_ENC_REQ
2024-08-07 18:16:11,562 - INFO - Bluetooth_SUL.py:173 - RX <--- BTLE / BTLE_DATA / BTLE_CTRL / Raw
2024-08-07 18:16:11,562 - INFO - Bluetooth_SUL.py:174 - b'\x89\x0fv\xd5\x1b\x06\x89x\x1bNQ\xe4*kf'
2024-08-07 18:16:11,565 - INFO - Bluetooth_SUL.py:191 - TX ---> BTLE / BTLE_DATA / BTLE_CTRL / LL_PING_RSP
2024-08-07 18:16:11,785 - INFO - Bluetooth_SUL.py:191 - TX ---> BTLE / BTLE_DATA / BTLE_CTRL / LL_TERMINATE_IND
2024-08-07 18:16:11,947 - INFO - Bluetooth_SUL.py:191 - TX ---> BTLE / BTLE_ADV / BTLE_SCAN_REQ
2024-08-07 18:16:12,751 - INFO - Bluetooth_SUL.py:191 - TX ---> BTLE / BTLE_ADV / BTLE_SCAN_REQ
2024-08-07 18:16:13,144 - INFO - Bluetooth_SUL.py:191 - TX ---> BTLE / BTLE_ADV / BTLE_SCAN_REQ
2024-08-07 18:16:13,562 - INFO - Bluetooth_SUL.py:191 - TX ---> BTLE / BTLE_ADV / BTLE_SCAN_REQ
2024-08-07 18:16:14,086 - INFO - Bluetooth_SUL.py:191 - TX ---> BTLE / BTLE_DATA / BTLE_CTRL / LL_START_ENC_REQ
2024-08-07 18:16:14,243 - INFO - Bluetooth_SUL.py:173 - RX <--- BTLE / BTLE_DATA / BTLE_CTRL / Raw
2024-08-07 18:16:14,243 - INFO - Bluetooth_SUL.py:174 - b'\x89\x0fv\xd5\x17\x06\x89x\x1bNQ\xe4\x19n\x17'
2024-08-07 18:16:14,244 - INFO - Bluetooth_SUL.py:191 - TX ---> BTLE / BTLE_DATA / BTLE_CTRL / LL_PING_RSP
2024-08-07 18:16:14,467 - INFO - Bluetooth_SUL.py:191 - TX ---> BTLE / BTLE_DATA / BTLE_CTRL / LL_TERMINATE_IND
2024-08-07 18:16:14,629 - INFO - Bluetooth_SUL.py:191 - TX ---> BTLE / BTLE_ADV / BTLE_SCAN_REQ
2024-08-07 18:16:15,462 - INFO - Bluetooth_SUL.py:191 - TX ---> BTLE / BTLE_DATA / BTLE_CTRL / LL_START_ENC_REQ
2024-08-07 18:16:15,619 - INFO - Bluetooth_SUL.py:173 - RX <--- BTLE / BTLE_DATA / BTLE_CTRL / Raw
2024-08-07 18:16:15,619 - INFO - Bluetooth_SUL.py:174 - b'\x89\x0fv\xd5\x1b\x06\x89x\x1bNQ\xe4*kf'
2024-08-07 18:16:15,622 - INFO - Bluetooth_SUL.py:191 - TX ---> BTLE / BTLE_DATA / BTLE_CTRL / LL_PING_RSP
2024-08-07 18:16:15,823 - INFO - Bluetooth_SUL.py:191 - TX ---> BTLE / BTLE_DATA / BTLE_CTRL / LL_TERMINATE_IND
2024-08-07 18:16:16,024 - INFO - Bluetooth_SUL.py:191 - TX ---> BTLE / BTLE_ADV / BTLE_SCAN_REQ
2024-08-07 18:16:16,903 - INFO - Bluetooth_SUL.py:191 - TX ---> BTLE / BTLE_ADV / BTLE_SCAN_REQ
2024-08-07 18:16:17,303 - INFO - Bluetooth_SUL.py:191 - TX ---> BTLE / BTLE_DATA / BTLE_CTRL / LL_START_ENC_REQ
2024-08-07 18:16:17,461 - INFO - Bluetooth_SUL.py:173 - RX <--- BTLE / BTLE_DATA / BTLE_CTRL / Raw
2024-08-07 18:16:17,462 - INFO - Bluetooth_SUL.py:174 - b'\x89\x0fv\xd5\x17\x06\x89x\x1bNQ\xe4\x19n\x17'
2024-08-07 18:16:17,464 - INFO - Bluetooth_SUL.py:191 - TX ---> BTLE / BTLE_DATA / BTLE_CTRL / LL_PING_RSP
2024-08-07 18:16:17,685 - INFO - Bluetooth_SUL.py:191 - TX ---> BTLE / BTLE_DATA / BTLE_CTRL / LL_TERMINATE_IND
2024-08-07 18:16:17,886 - INFO - Bluetooth_SUL.py:191 - TX ---> BTLE / BTLE_ADV / BTLE_SCAN_REQ
